# JRE version: Java(TM) SE Runtime Environment (8.0_40-b27) (build 1.8.0_40-b27)
# Java VM: Java HotSpot(TM) 64-Bit Server VM (25.40-b25 mixed mode bsd-amd64 compressed oops)
Heap:
 PSYoungGen      total 76288K, used 16125K [0x000000076ab00000, 0x0000000770000000, 0x00000007c0000000)
  eden space 65536K, 8% used [0x000000076ab00000,0x000000076b07dc78,0x000000076eb00000)
  from space 10752K, 97% used [0x000000076f580000,0x000000076ffc1788,0x0000000770000000)
  to   space 10752K, 0% used [0x000000076eb00000,0x000000076eb00000,0x000000076f580000)
 ParOldGen       total 81920K, used 47802K [0x00000006c0000000, 0x00000006c5000000, 0x000000076ab00000)
  object space 81920K, 58% used [0x00000006c0000000,0x00000006c2eae918,0x00000006c5000000)
 Metaspace       used 21915K, capacity 22200K, committed 22448K, reserved 1069056K
  class space    used 2626K, capacity 2718K, committed 2816K, reserved 1048576K
GC Heap History (10 events):
Event: 82.356 GC heap before
{Heap before GC invocations=1 (full 0):
 PSYoungGen      total 76288K, used 57296K [0x000000076ab00000, 0x0000000770000000, 0x00000007c0000000)
  eden space 65536K, 87% used [0x000000076ab00000,0x000000076e2f4130,0x000000076eb00000)
  from space 10752K, 0% used [0x000000076f580000,0x000000076f580000,0x0000000770000000)
  to   space 10752K, 0% used [0x000000076eb00000,0x000000076eb00000,0x000000076f580000)
 ParOldGen       total 175104K, used 0K [0x00000006c0000000, 0x00000006cab00000, 0x000000076ab00000)
  object space 175104K, 0% used [0x00000006c0000000,0x00000006c0000000,0x00000006cab00000)
 Metaspace       used 20798K, capacity 21104K, committed 21296K, reserved 1069056K
  class space    used 2568K, capacity 2682K, committed 2688K, reserved 1048576K
Event: 82.371 GC heap after
Heap after GC invocations=1 (full 0):
 PSYoungGen      total 76288K, used 10729K [0x000000076ab00000, 0x0000000770000000, 0x00000007c0000000)
  eden space 65536K, 0% used [0x000000076ab00000,0x000000076ab00000,0x000000076eb00000)
  from space 10752K, 99% used [0x000000076eb00000,0x000000076f57a798,0x000000076f580000)
  to   space 10752K, 0% used [0x000000076f580000,0x000000076f580000,0x0000000770000000)
 ParOldGen       total 175104K, used 2785K [0x00000006c0000000, 0x00000006cab00000, 0x000000076ab00000)
  object space 175104K, 1% used [0x00000006c0000000,0x00000006c02b8710,0x00000006cab00000)
 Metaspace       used 20798K, capacity 21104K, committed 21296K, reserved 1069056K
  class space    used 2568K, capacity 2682K, committed 2688K, reserved 1048576K
}
Event: 82.371 GC heap before
{Heap before GC invocations=2 (full 1):
 PSYoungGen      total 76288K, used 10729K [0x000000076ab00000, 0x0000000770000000, 0x00000007c0000000)
  eden space 65536K, 0% used [0x000000076ab00000,0x000000076ab00000,0x000000076eb00000)
  from space 10752K, 99% used [0x000000076eb00000,0x000000076f57a798,0x000000076f580000)
  to   space 10752K, 0% used [0x000000076f580000,0x000000076f580000,0x0000000770000000)
 ParOldGen       total 175104K, used 2785K [0x00000006c0000000, 0x00000006cab00000, 0x000000076ab00000)
  object space 175104K, 1% used [0x00000006c0000000,0x00000006c02b8710,0x00000006cab00000)
 Metaspace       used 20798K, capacity 21104K, committed 21296K, reserved 1069056K
  class space    used 2568K, capacity 2682K, committed 2688K, reserved 1048576K
Event: 82.409 GC heap after
Heap after GC invocations=2 (full 1):
 PSYoungGen      total 76288K, used 0K [0x000000076ab00000, 0x0000000770000000, 0x00000007c0000000)
  eden space 65536K, 0% used [0x000000076ab00000,0x000000076ab00000,0x000000076eb00000)
  from space 10752K, 0% used [0x000000076eb00000,0x000000076eb00000,0x000000076f580000)
  to   space 10752K, 0% used [0x000000076f580000,0x000000076f580000,0x0000000770000000)
 ParOldGen       total 81920K, used 13116K [0x00000006c0000000, 0x00000006c5000000, 0x000000076ab00000)
  object space 81920K, 16% used [0x00000006c0000000,0x00000006c0ccf0f8,0x00000006c5000000)
 Metaspace       used 20798K, capacity 21104K, committed 21296K, reserved 1069056K
  class space    used 2568K, capacity 2682K, committed 2688K, reserved 1048576K
}
Event: 118.830 GC heap before
{Heap before GC invocations=3 (full 1):
 PSYoungGen      total 76288K, used 65536K [0x000000076ab00000, 0x0000000770000000, 0x00000007c0000000)
  eden space 65536K, 100% used [0x000000076ab00000,0x000000076eb00000,0x000000076eb00000)
  from space 10752K, 0% used [0x000000076eb00000,0x000000076eb00000,0x000000076f580000)
  to   space 10752K, 0% used [0x000000076f580000,0x000000076f580000,0x0000000770000000)
 ParOldGen       total 81920K, used 13116K [0x00000006c0000000, 0x00000006c5000000, 0x000000076ab00000)
  object space 81920K, 16% used [0x00000006c0000000,0x00000006c0ccf0f8,0x00000006c5000000)
 Metaspace       used 21742K, capacity 22072K, committed 22448K, reserved 1069056K
  class space    used 2624K, capacity 2718K, committed 2816K, reserved 1048576K
Event: 118.844 GC heap after
Heap after GC invocations=3 (full 1):
 PSYoungGen      total 76288K, used 10730K [0x000000076ab00000, 0x0000000770000000, 0x00000007c0000000)
  eden space 65536K, 0% used [0x000000076ab00000,0x000000076ab00000,0x000000076eb00000)
  from space 10752K, 99% used [0x000000076f580000,0x000000076fffaab0,0x0000000770000000)
  to   space 10752K, 0% used [0x000000076eb00000,0x000000076eb00000,0x000000076f580000)
 ParOldGen       total 81920K, used 17080K [0x00000006c0000000, 0x00000006c5000000, 0x000000076ab00000)
  object space 81920K, 20% used [0x00000006c0000000,0x00000006c10ae358,0x00000006c5000000)
 Metaspace       used 21742K, capacity 22072K, committed 22448K, reserved 1069056K
  class space    used 2624K, capacity 2718K, committed 2816K, reserved 1048576K
}
Event: 1141.210 GC heap before
{Heap before GC invocations=4 (full 1):
 PSYoungGen      total 76288K, used 74557K [0x000000076ab00000, 0x0000000770000000, 0x00000007c0000000)
  eden space 65536K, 97% used [0x000000076ab00000,0x000000076e954b10,0x000000076eb00000)
  from space 10752K, 99% used [0x000000076f580000,0x000000076fffaab0,0x0000000770000000)
  to   space 10752K, 0% used [0x000000076eb00000,0x000000076eb00000,0x000000076f580000)
 ParOldGen       total 81920K, used 17080K [0x00000006c0000000, 0x00000006c5000000, 0x000000076ab00000)
  object space 81920K, 20% used [0x00000006c0000000,0x00000006c10ae358,0x00000006c5000000)
 Metaspace       used 21833K, capacity 22136K, committed 22448K, reserved 1069056K
  class space    used 2625K, capacity 2718K, committed 2816K, reserved 1048576K
Event: 1141.330 GC heap after
Heap after GC invocations=4 (full 1):
 PSYoungGen      total 76288K, used 10732K [0x000000076ab00000, 0x0000000770000000, 0x00000007c0000000)
  eden space 65536K, 0% used [0x000000076ab00000,0x000000076ab00000,0x000000076eb00000)
  from space 10752K, 99% used [0x000000076eb00000,0x000000076f57b3f0,0x000000076f580000)
  to   space 10752K, 0% used [0x000000076f580000,0x000000076f580000,0x0000000770000000)
 ParOldGen       total 81920K, used 33553K [0x00000006c0000000, 0x00000006c5000000, 0x000000076ab00000)
  object space 81920K, 40% used [0x00000006c0000000,0x00000006c20c4628,0x00000006c5000000)
 Metaspace       used 21833K, capacity 22136K, committed 22448K, reserved 1069056K
  class space    used 2625K, capacity 2718K, committed 2816K, reserved 1048576K
}
Event: 3571.583 GC heap before
{Heap before GC invocations=5 (full 1):
 PSYoungGen      total 76288K, used 73739K [0x000000076ab00000, 0x0000000770000000, 0x00000007c0000000)
  eden space 65536K, 96% used [0x000000076ab00000,0x000000076e887bb0,0x000000076eb00000)
  from space 10752K, 99% used [0x000000076eb00000,0x000000076f57b3f0,0x000000076f580000)
  to   space 10752K, 0% used [0x000000076f580000,0x000000076f580000,0x0000000770000000)
 ParOldGen       total 81920K, used 33553K [0x00000006c0000000, 0x00000006c5000000, 0x000000076ab00000)
  object space 81920K, 40% used [0x00000006c0000000,0x00000006c20c4628,0x00000006c5000000)
 Metaspace       used 21915K, capacity 22200K, committed 22448K, reserved 1069056K
  class space    used 2626K, capacity 2718K, committed 2816K, reserved 1048576K
Event: 3571.615 GC heap after
Heap after GC invocations=5 (full 1):
 PSYoungGen      total 76288K, used 10501K [0x000000076ab00000, 0x0000000770000000, 0x00000007c0000000)
  eden space 65536K, 0% used [0x000000076ab00000,0x000000076ab00000,0x000000076eb00000)
  from space 10752K, 97% used [0x000000076f580000,0x000000076ffc1788,0x0000000770000000)
  to   space 10752K, 0% used [0x000000076eb00000,0x000000076eb00000,0x000000076f580000)
 ParOldGen       total 81920K, used 47802K [0x00000006c0000000, 0x00000006c5000000, 0x000000076ab00000)
  object space 81920K, 58% used [0x00000006c0000000,0x00000006c2eae918,0x00000006c5000000)
 Metaspace       used 21915K, capacity 22200K, committed 22448K, reserved 1069056K
  class space    used 2626K, capacity 2718K, committed 2816K, reserved 1048576K
}

